2022-07-13 19:55:58,763 INFO org.springframework.boot.StartupInfoLogger [main] Starting CrmApplicationTests using Java 11.0.8 on LAPTOP-VPPV1KM8 with PID 20492 (started by diego in C:\github\crm\core)
2022-07-13 19:55:58,764 DEBUG org.springframework.boot.StartupInfoLogger [main] Running with Spring Boot v2.7.1, Spring v5.3.21
2022-07-13 19:55:58,765 INFO org.springframework.boot.SpringApplication [main] No active profile set, falling back to 1 default profile: "default"
2022-07-13 19:55:59,289 INFO org.springframework.data.repository.config.RepositoryConfigurationDelegate [main] Bootstrapping Spring Data JPA repositories in DEFAULT mode.
2022-07-13 19:55:59,350 INFO org.springframework.data.repository.config.RepositoryConfigurationDelegate [main] Finished Spring Data repository scanning in 53 ms. Found 1 JPA repository interfaces.
2022-07-13 19:55:59,765 INFO com.zaxxer.hikari.HikariDataSource [main] HikariPool-1 - Starting...
2022-07-13 19:56:00,301 INFO com.zaxxer.hikari.HikariDataSource [main] HikariPool-1 - Start completed.
2022-07-13 19:56:00,624 INFO org.hibernate.jpa.internal.util.LogHelper [main] HHH000204: Processing PersistenceUnitInfo [name: default]
2022-07-13 19:56:00,681 INFO org.hibernate.Version [main] HHH000412: Hibernate ORM core version 5.6.9.Final
2022-07-13 19:56:00,833 INFO org.hibernate.annotations.common.reflection.java.JavaReflectionManager [main] HCANN000001: Hibernate Commons Annotations {5.1.2.Final}
2022-07-13 19:56:01,214 INFO org.hibernate.dialect.Dialect [main] HHH000400: Using dialect: org.hibernate.dialect.H2Dialect
2022-07-13 19:56:01,658 INFO org.hibernate.engine.transaction.jta.platform.internal.JtaPlatformInitiator [main] HHH000490: Using JtaPlatform implementation: [org.hibernate.engine.transaction.jta.platform.internal.NoJtaPlatform]
2022-07-13 19:56:01,666 INFO org.springframework.orm.jpa.AbstractEntityManagerFactoryBean [main] Initialized JPA EntityManagerFactory for persistence unit 'default'
2022-07-13 19:56:01,675 DEBUG io.code.CrmApplication [main] Post construct
2022-07-13 19:56:01,983 INFO io.code.crm.init.SetupService [main] CRM Setup
2022-07-13 19:56:02,198 INFO org.springframework.boot.StartupInfoLogger [main] Started CrmApplicationTests in 3.856 seconds (JVM running for 4.724)
2022-07-13 19:56:02,900 INFO org.springframework.orm.jpa.AbstractEntityManagerFactoryBean [SpringApplicationShutdownHook] Closing JPA EntityManagerFactory for persistence unit 'default'
2022-07-13 19:56:02,909 INFO com.zaxxer.hikari.HikariDataSource [SpringApplicationShutdownHook] HikariPool-1 - Shutdown initiated...
2022-07-13 19:56:02,915 INFO com.zaxxer.hikari.HikariDataSource [SpringApplicationShutdownHook] HikariPool-1 - Shutdown completed.
2022-07-13 19:57:03,884 INFO org.springframework.boot.StartupInfoLogger [main] Starting CrmApplicationTests using Java 11.0.8 on LAPTOP-VPPV1KM8 with PID 18676 (started by diego in C:\github\crm\core)
2022-07-13 19:57:03,889 DEBUG org.springframework.boot.StartupInfoLogger [main] Running with Spring Boot v2.7.1, Spring v5.3.21
2022-07-13 19:57:03,891 INFO org.springframework.boot.SpringApplication [main] No active profile set, falling back to 1 default profile: "default"
2022-07-13 19:57:04,290 INFO org.springframework.data.repository.config.RepositoryConfigurationDelegate [main] Bootstrapping Spring Data JPA repositories in DEFAULT mode.
2022-07-13 19:57:04,337 INFO org.springframework.data.repository.config.RepositoryConfigurationDelegate [main] Finished Spring Data repository scanning in 38 ms. Found 1 JPA repository interfaces.
2022-07-13 19:57:04,670 INFO com.zaxxer.hikari.HikariDataSource [main] HikariPool-1 - Starting...
2022-07-13 19:57:04,911 INFO com.zaxxer.hikari.HikariDataSource [main] HikariPool-1 - Start completed.
2022-07-13 19:57:05,096 INFO org.hibernate.jpa.internal.util.LogHelper [main] HHH000204: Processing PersistenceUnitInfo [name: default]
2022-07-13 19:57:05,145 INFO org.hibernate.Version [main] HHH000412: Hibernate ORM core version 5.6.9.Final
2022-07-13 19:57:05,300 INFO org.hibernate.annotations.common.reflection.java.JavaReflectionManager [main] HCANN000001: Hibernate Commons Annotations {5.1.2.Final}
2022-07-13 19:57:05,709 INFO org.hibernate.dialect.Dialect [main] HHH000400: Using dialect: org.hibernate.dialect.H2Dialect
2022-07-13 19:57:06,126 INFO org.hibernate.engine.transaction.jta.platform.internal.JtaPlatformInitiator [main] HHH000490: Using JtaPlatform implementation: [org.hibernate.engine.transaction.jta.platform.internal.NoJtaPlatform]
2022-07-13 19:57:06,137 INFO org.springframework.orm.jpa.AbstractEntityManagerFactoryBean [main] Initialized JPA EntityManagerFactory for persistence unit 'default'
2022-07-13 19:57:06,145 DEBUG io.code.CrmApplication [main] Post construct
2022-07-13 19:57:06,606 INFO io.code.crm.init.SetupService [main] CRM Setup
2022-07-13 19:57:06,769 INFO org.springframework.boot.StartupInfoLogger [main] Started CrmApplicationTests in 3.293 seconds (JVM running for 4.181)
2022-07-13 19:57:07,174 INFO org.springframework.orm.jpa.AbstractEntityManagerFactoryBean [SpringApplicationShutdownHook] Closing JPA EntityManagerFactory for persistence unit 'default'
2022-07-13 19:57:07,181 INFO com.zaxxer.hikari.HikariDataSource [SpringApplicationShutdownHook] HikariPool-1 - Shutdown initiated...
2022-07-13 19:57:07,186 INFO com.zaxxer.hikari.HikariDataSource [SpringApplicationShutdownHook] HikariPool-1 - Shutdown completed.
2022-07-13 20:00:47,721 INFO org.springframework.boot.StartupInfoLogger [main] Starting CrmApplicationTests using Java 11.0.8 on LAPTOP-VPPV1KM8 with PID 27248 (started by diego in C:\github\crm\core)
2022-07-13 20:00:47,722 DEBUG org.springframework.boot.StartupInfoLogger [main] Running with Spring Boot v2.7.1, Spring v5.3.21
2022-07-13 20:00:47,723 INFO org.springframework.boot.SpringApplication [main] No active profile set, falling back to 1 default profile: "default"
2022-07-13 20:00:48,139 INFO org.springframework.data.repository.config.RepositoryConfigurationDelegate [main] Bootstrapping Spring Data JPA repositories in DEFAULT mode.
2022-07-13 20:00:48,191 INFO org.springframework.data.repository.config.RepositoryConfigurationDelegate [main] Finished Spring Data repository scanning in 40 ms. Found 1 JPA repository interfaces.
2022-07-13 20:00:48,525 INFO com.zaxxer.hikari.HikariDataSource [main] HikariPool-1 - Starting...
2022-07-13 20:00:48,785 INFO com.zaxxer.hikari.HikariDataSource [main] HikariPool-1 - Start completed.
2022-07-13 20:00:48,973 INFO org.hibernate.jpa.internal.util.LogHelper [main] HHH000204: Processing PersistenceUnitInfo [name: default]
2022-07-13 20:00:49,021 INFO org.hibernate.Version [main] HHH000412: Hibernate ORM core version 5.6.9.Final
2022-07-13 20:00:49,147 INFO org.hibernate.annotations.common.reflection.java.JavaReflectionManager [main] HCANN000001: Hibernate Commons Annotations {5.1.2.Final}
2022-07-13 20:00:49,533 INFO org.hibernate.dialect.Dialect [main] HHH000400: Using dialect: org.hibernate.dialect.H2Dialect
2022-07-13 20:00:49,964 INFO org.hibernate.engine.transaction.jta.platform.internal.JtaPlatformInitiator [main] HHH000490: Using JtaPlatform implementation: [org.hibernate.engine.transaction.jta.platform.internal.NoJtaPlatform]
2022-07-13 20:00:49,972 INFO org.springframework.orm.jpa.AbstractEntityManagerFactoryBean [main] Initialized JPA EntityManagerFactory for persistence unit 'default'
2022-07-13 20:00:49,981 DEBUG io.code.CrmApplication [main] Post construct
2022-07-13 20:00:50,387 INFO io.code.crm.init.SetupService [main] CRM Setup
2022-07-13 20:00:50,573 INFO org.springframework.boot.StartupInfoLogger [main] Started CrmApplicationTests in 3.229 seconds (JVM running for 4.061)
2022-07-13 20:00:50,999 INFO org.springframework.orm.jpa.AbstractEntityManagerFactoryBean [SpringApplicationShutdownHook] Closing JPA EntityManagerFactory for persistence unit 'default'
2022-07-13 20:00:51,003 INFO com.zaxxer.hikari.HikariDataSource [SpringApplicationShutdownHook] HikariPool-1 - Shutdown initiated...
2022-07-13 20:00:51,007 INFO com.zaxxer.hikari.HikariDataSource [SpringApplicationShutdownHook] HikariPool-1 - Shutdown completed.
2022-07-13 20:23:04,659 INFO org.springframework.boot.StartupInfoLogger [main] Starting CrmApplicationTests using Java 11.0.8 on LAPTOP-VPPV1KM8 with PID 26516 (started by diego in C:\github\crm\core)
2022-07-13 20:23:04,661 DEBUG org.springframework.boot.StartupInfoLogger [main] Running with Spring Boot v2.7.1, Spring v5.3.21
2022-07-13 20:23:04,661 INFO org.springframework.boot.SpringApplication [main] No active profile set, falling back to 1 default profile: "default"
2022-07-13 20:23:05,063 INFO org.springframework.data.repository.config.RepositoryConfigurationDelegate [main] Bootstrapping Spring Data JPA repositories in DEFAULT mode.
2022-07-13 20:23:05,118 INFO org.springframework.data.repository.config.RepositoryConfigurationDelegate [main] Finished Spring Data repository scanning in 47 ms. Found 1 JPA repository interfaces.
2022-07-13 20:23:05,530 INFO com.zaxxer.hikari.HikariDataSource [main] HikariPool-1 - Starting...
2022-07-13 20:23:05,850 INFO com.zaxxer.hikari.HikariDataSource [main] HikariPool-1 - Start completed.
2022-07-13 20:23:06,066 INFO org.hibernate.jpa.internal.util.LogHelper [main] HHH000204: Processing PersistenceUnitInfo [name: default]
2022-07-13 20:23:06,116 INFO org.hibernate.Version [main] HHH000412: Hibernate ORM core version 5.6.9.Final
2022-07-13 20:23:06,260 INFO org.hibernate.annotations.common.reflection.java.JavaReflectionManager [main] HCANN000001: Hibernate Commons Annotations {5.1.2.Final}
2022-07-13 20:23:06,726 INFO org.hibernate.dialect.Dialect [main] HHH000400: Using dialect: org.hibernate.dialect.H2Dialect
2022-07-13 20:23:07,265 INFO org.hibernate.engine.transaction.jta.platform.internal.JtaPlatformInitiator [main] HHH000490: Using JtaPlatform implementation: [org.hibernate.engine.transaction.jta.platform.internal.NoJtaPlatform]
2022-07-13 20:23:07,280 INFO org.springframework.orm.jpa.AbstractEntityManagerFactoryBean [main] Initialized JPA EntityManagerFactory for persistence unit 'default'
2022-07-13 20:23:07,293 DEBUG io.code.CrmApplication [main] Post construct
2022-07-13 20:23:07,693 INFO io.code.crm.init.SetupService [main] CRM Setup
2022-07-13 20:23:07,867 INFO org.springframework.boot.StartupInfoLogger [main] Started CrmApplicationTests in 3.561 seconds (JVM running for 4.347)
2022-07-13 20:23:08,317 INFO org.springframework.orm.jpa.AbstractEntityManagerFactoryBean [SpringApplicationShutdownHook] Closing JPA EntityManagerFactory for persistence unit 'default'
2022-07-13 20:23:08,323 INFO com.zaxxer.hikari.HikariDataSource [SpringApplicationShutdownHook] HikariPool-1 - Shutdown initiated...
2022-07-13 20:23:08,329 INFO com.zaxxer.hikari.HikariDataSource [SpringApplicationShutdownHook] HikariPool-1 - Shutdown completed.
2022-07-13 20:36:37,274 INFO org.springframework.boot.StartupInfoLogger [main] Starting CrmApplicationTests using Java 11.0.8 on LAPTOP-VPPV1KM8 with PID 15192 (started by diego in C:\github\crm\core)
2022-07-13 20:36:37,276 DEBUG org.springframework.boot.StartupInfoLogger [main] Running with Spring Boot v2.7.1, Spring v5.3.21
2022-07-13 20:36:37,277 INFO org.springframework.boot.SpringApplication [main] No active profile set, falling back to 1 default profile: "default"
2022-07-13 20:36:37,815 INFO org.springframework.data.repository.config.RepositoryConfigurationDelegate [main] Bootstrapping Spring Data JPA repositories in DEFAULT mode.
2022-07-13 20:36:37,891 INFO org.springframework.data.repository.config.RepositoryConfigurationDelegate [main] Finished Spring Data repository scanning in 61 ms. Found 1 JPA repository interfaces.
2022-07-13 20:36:38,328 INFO com.zaxxer.hikari.HikariDataSource [main] HikariPool-1 - Starting...
2022-07-13 20:36:38,578 INFO com.zaxxer.hikari.HikariDataSource [main] HikariPool-1 - Start completed.
2022-07-13 20:36:38,811 INFO org.hibernate.jpa.internal.util.LogHelper [main] HHH000204: Processing PersistenceUnitInfo [name: default]
2022-07-13 20:36:38,871 INFO org.hibernate.Version [main] HHH000412: Hibernate ORM core version 5.6.9.Final
2022-07-13 20:36:39,030 INFO org.hibernate.annotations.common.reflection.java.JavaReflectionManager [main] HCANN000001: Hibernate Commons Annotations {5.1.2.Final}
2022-07-13 20:36:39,423 INFO org.hibernate.dialect.Dialect [main] HHH000400: Using dialect: org.hibernate.dialect.H2Dialect
2022-07-13 20:36:39,891 INFO org.hibernate.engine.transaction.jta.platform.internal.JtaPlatformInitiator [main] HHH000490: Using JtaPlatform implementation: [org.hibernate.engine.transaction.jta.platform.internal.NoJtaPlatform]
2022-07-13 20:36:39,901 INFO org.springframework.orm.jpa.AbstractEntityManagerFactoryBean [main] Initialized JPA EntityManagerFactory for persistence unit 'default'
2022-07-13 20:36:39,911 DEBUG io.code.CrmApplication [main] Post construct
2022-07-13 20:36:40,301 INFO io.code.crm.init.SetupService [main] CRM Setup
2022-07-13 20:36:40,457 INFO org.springframework.boot.StartupInfoLogger [main] Started CrmApplicationTests in 3.676 seconds (JVM running for 4.585)
2022-07-13 20:36:40,819 INFO org.springframework.orm.jpa.AbstractEntityManagerFactoryBean [SpringApplicationShutdownHook] Closing JPA EntityManagerFactory for persistence unit 'default'
2022-07-13 20:36:40,823 INFO com.zaxxer.hikari.HikariDataSource [SpringApplicationShutdownHook] HikariPool-1 - Shutdown initiated...
2022-07-13 20:36:40,829 INFO com.zaxxer.hikari.HikariDataSource [SpringApplicationShutdownHook] HikariPool-1 - Shutdown completed.
